Drill report for C:\Users\plent\Documents\KiCAD\100-mk-pcb\try3.kicad_pcb
Created on 4/17/2021 10:03:06 PM

Copper Layer Stackup:
    =============================================================
    L1 :  F.Cu                      front
    L2 :  B.Cu                      back


Drill file 'try3-PTH.drl' contains
    plated through holes:
    =============================================================
    T1  0.40mm  0.016"  (30 holes)
    T2  0.60mm  0.024"  (4 holes)  (with 4 slots)
    T3  0.70mm  0.028"  (208 holes)
    T4  1.50mm  0.059"  (208 holes)

    Total plated holes count 450


Drill file 'try3-NPTH.drl' contains
    unplated through holes:
    =============================================================
    T1  1.70mm  0.067"  (208 holes)
    T2  3.05mm  0.120"  (16 holes)
    T3  4.00mm  0.157"  (120 holes)

    Total unplated holes count 344
